2025-06-25 16:17:11,834 - INFO - 成功连接到服务器 localhost:8888
2025-06-25 16:17:22,965 - INFO - 发送图片: C:/Shiina_Chizuru/example/sample_no_noise.png
2025-06-25 16:17:22,972 - INFO - 断开连接
2025-06-25 16:17:26,661 - INFO - 成功连接到服务器 localhost:8888
2025-06-25 16:22:30,421 - INFO - 成功连接到服务器 localhost:8888
2025-06-25 16:23:04,039 - INFO - 发送图片: C:/Shiina_Chizuru/example/sample_no_noise.png
2025-06-25 16:23:53,328 - INFO - 断开连接
2025-06-25 16:29:52,307 - INFO - 已发送用户信息: 用户
2025-06-25 16:29:52,375 - INFO - 成功连接到服务器 localhost:8888
2025-06-25 16:29:57,910 - INFO - 断开连接
2025-06-25 16:29:57,924 - INFO - 断开连接
2025-06-25 16:30:34,120 - INFO - 已选择头像: C:/Shiina_Chizuru/背景图/knhs2_media_202503302028_3599700093980484690_4185958219 (4).jpg
2025-06-25 16:30:41,516 - INFO - 已选择头像: C:/Shiina_Chizuru/背景图/knhs2_media_202503302028_3599700093980484690_4185958219 (4).jpg
2025-06-25 16:30:45,515 - INFO - 已发送用户信息: Shiina_Chizuru
2025-06-25 16:30:45,522 - INFO - 成功连接到服务器 localhost:8888
2025-06-25 16:32:26,249 - INFO - 已选择头像: C:/Shiina_Chizuru/背景图/knhs2_media_202503302028_3599700093980484690_4185958219 (4).jpg
2025-06-25 16:32:46,382 - INFO - 已发送用户信息: Shiina_Chizuru
2025-06-25 16:32:46,449 - INFO - 成功连接到服务器 localhost:8888
2025-06-25 16:35:27,267 - INFO - 已选择头像: C:/Shiina_Chizuru/背景图/knhs2_media_202503302028_3599700093980484690_4185958219 (4).jpg
2025-06-25 16:35:28,193 - INFO - 成功连接到服务器 localhost:8888
2025-06-25 16:35:28,298 - INFO - 已发送用户信息: 用户
2025-06-25 16:38:10,021 - INFO - 成功连接到服务器 localhost:8888
2025-06-25 16:38:10,122 - INFO - 已发送用户信息: 用户
2025-06-25 16:38:19,077 - INFO - 断开连接
2025-06-25 16:38:19,083 - INFO - 断开连接
2025-06-25 16:38:44,537 - INFO - 成功连接到服务器 localhost:8888
2025-06-25 16:38:44,639 - INFO - 已发送用户信息: Shiina_Chizuru
2025-06-25 16:38:53,073 - INFO - 断开连接
2025-06-25 16:38:53,078 - INFO - 断开连接
2025-06-25 16:38:58,035 - INFO - 已选择头像: C:/Shiina_Chizuru/背景图/knhs2_media_202503302028_3599700093980484690_4185958219 (4).jpg
2025-06-25 16:39:00,873 - INFO - 成功连接到服务器 localhost:8888
2025-06-25 16:39:00,977 - INFO - 已发送用户信息: Shiina_Chizuru
2025-06-25 16:42:48,356 - INFO - 断开连接
2025-06-25 16:44:37,155 - ERROR - 头像处理失败: name 'AvatarCropWindow' is not defined
2025-06-25 16:48:38,513 - INFO - 已选择并裁剪头像: C:/Shiina_Chizuru/背景图/knhs2_media_202503302028_3599700093980484690_4185958219 (4).jpg
2025-06-25 16:48:59,038 - INFO - 成功连接到服务器 localhost:8888
2025-06-25 16:48:59,140 - INFO - 已发送用户信息: 用户
2025-06-25 16:50:30,374 - INFO - 断开连接
2025-06-25 16:50:30,378 - INFO - 断开连接
2025-06-25 16:50:48,645 - INFO - 成功连接到服务器 localhost:8888
2025-06-25 16:50:48,746 - INFO - 已发送用户信息: Shiina_Chizuru
2025-06-25 16:51:21,229 - INFO - 断开连接
2025-06-25 16:51:42,452 - INFO - 已选择并裁剪头像: C:/Shiina_Chizuru/背景图/knhs2_media_202503302028_3599700093980484690_4185958219 (4).jpg
2025-06-25 16:51:57,822 - INFO - 成功连接到服务器 localhost:8888
2025-06-25 16:51:57,924 - INFO - 已发送用户信息: Shiina_Chizuru
2025-06-25 16:59:28,581 - INFO - 断开连接
2025-06-25 17:00:41,882 - INFO - 成功连接到服务器 localhost:8887
2025-06-25 17:00:41,984 - INFO - 已发送用户信息: 用户
2025-06-25 17:00:44,991 - INFO - 断开连接
